Flutter crash report.
Please report a bug at https://github.com/flutter/flutter/issues.

## command

flutter --quiet assemble --depfile /home/bhupendra/flutterApps/medico_app/build/app/intermediates/flutter/debug/flutter_build.d --output /home/bhupendra/flutterApps/medico_app/build/app/intermediates/flutter/debug -dTargetFile=/home/bhupendra/flutterApps/medico_app/lib/main.dart -dTargetPlatform=android -dBuildMode=debug -dTrackWidgetCreation=true --DartDefines=flutter.inspector.structuredErrors%3Dtrue debug_android_application

## exception

FileSystemException: FileSystemException: Cannot resolve symbolic links, path = '/home/bhupendra/flutterApps/medico_app/.dart_tool/flutter_build/6860013ab1b43e1e6b2ad36f26e47aec' (OS Error: No such file or directory, errno = 2)

```
#0      FileSystemEntity._throwIfError (dart:io/file_system_entity.dart:820:7)
#1      FileSystemEntity.resolveSymbolicLinksSync (dart:io/file_system_entity.dart:389:5)
#2      ForwardingFileSystemEntity.resolveSymbolicLinksSync (package:file/src/forwarding/forwarding_file_system_entity.dart:58:49)
#3      SourceVisitor.visitPattern (package:flutter_tools/src/build_system/source.dart:107:32)
#4      _PatternSource.accept (package:flutter_tools/src/build_system/source.dart:226:49)
#5      Target._resolveConfiguration (package:flutter_tools/src/build_system/build_system.dart:247:14)
#6      Target.resolveInputs (package:flutter_tools/src/build_system/build_system.dart:197:12)
#7      Target._toNode (package:flutter_tools/src/build_system/build_system.dart:148:39)
#8      FlutterBuildSystem.build (package:flutter_tools/src/build_system/build_system.dart:549:30)
#9      AssembleCommand.runCommand (package:flutter_tools/src/commands/assemble.dart:221:58)
#10     FlutterCommand.verifyThenRunCommand (package:flutter_tools/src/runner/flutter_command.dart:860:18)
<asynchronous suspension>
#11     FlutterCommand.run.<anonymous closure> (package:flutter_tools/src/runner/flutter_command.dart:741:33)
<asynchronous suspension>
#12     FlutterCommand.run.<anonymous closure> (package:flutter_tools/src/runner/flutter_command.dart)
#13     AppContext.run.<anonymous closure> (package:flutter_tools/src/base/context.dart:150:29)
#14     _rootRun (dart:async/zone.dart:1190:13)
#15     _CustomZone.run (dart:async/zone.dart:1093:19)
#16     _runZoned (dart:async/zone.dart:1630:10)
#17     runZoned (dart:async/zone.dart:1550:10)
#18     AppContext.run (package:flutter_tools/src/base/context.dart:149:18)
#19     FlutterCommand.run (package:flutter_tools/src/runner/flutter_command.dart:730:20)
#20     CommandRunner.runCommand (package:args/command_runner.dart:197:27)
#21     FlutterCommandRunner.runCommand.<anonymous closure> (package:flutter_tools/src/runner/flutter_command_runner.dart:332:21)
<asynchronous suspension>
#22     FlutterCommandRunner.runCommand.<anonymous closure> (package:flutter_tools/src/runner/flutter_command_runner.dart)
#23     AppContext.run.<anonymous closure> (package:flutter_tools/src/base/context.dart:150:29)
#24     _rootRun (dart:async/zone.dart:1190:13)
#25     _CustomZone.run (dart:async/zone.dart:1093:19)
#26     _runZoned (dart:async/zone.dart:1630:10)
#27     runZoned (dart:async/zone.dart:1550:10)
#28     AppContext.run (package:flutter_tools/src/base/context.dart:149:18)
#29     FlutterCommandRunner.runCommand (package:flutter_tools/src/runner/flutter_command_runner.dart:282:19)
<asynchronous suspension>
#30     CommandRunner.run.<anonymous closure> (package:args/command_runner.dart:112:25)
#31     new Future.sync (dart:async/future.dart:223:31)
#32     CommandRunner.run (package:args/command_runner.dart:112:14)
#33     FlutterCommandRunner.run (package:flutter_tools/src/runner/flutter_command_runner.dart:231:18)
#34     run.<anonymous closure>.<anonymous closure> (package:flutter_tools/runner.dart:69:22)
#35     _rootRun (dart:async/zone.dart:1190:13)
#36     _CustomZone.run (dart:async/zone.dart:1093:19)
#37     _runZoned (dart:async/zone.dart:1630:10)
#38     runZonedGuarded (dart:async/zone.dart:1618:12)
#39     runZoned (dart:async/zone.dart:1547:12)
#40     run.<anonymous closure> (package:flutter_tools/runner.dart:67:18)
<asynchronous suspension>
#41     run.<anonymous closure> (package:flutter_tools/runner.dart)
#42     runInContext.runnerWrapper (package:flutter_tools/src/context_runner.dart:62:18)
<asynchronous suspension>
#43     runInContext.runnerWrapper (package:flutter_tools/src/context_runner.dart)
#44     AppContext.run.<anonymous closure> (package:flutter_tools/src/base/context.dart:150:29)
#45     _rootRun (dart:async/zone.dart:1190:13)
#46     _CustomZone.run (dart:async/zone.dart:1093:19)
#47     _runZoned (dart:async/zone.dart:1630:10)
#48     runZoned (dart:async/zone.dart:1550:10)
#49     AppContext.run (package:flutter_tools/src/base/context.dart:149:18)
#50     runInContext (package:flutter_tools/src/context_runner.dart:65:24)
#51     run (package:flutter_tools/runner.dart:52:10)
#52     main (package:flutter_tools/executable.dart:73:9)
#53     main (file:///home/bhupendra/flutterApps/flutter/packages/flutter_tools/bin/flutter_tools.dart:8:3)
#54     _startIsolate.<anonymous closure> (dart:isolate-patch/isolate_patch.dart:299:32)
#55     _RawReceivePortImpl._handleMessage (dart:isolate-patch/isolate_patch.dart:168:12)
```

## flutter doctor

```
[✓] Flutter (Channel beta, 1.20.0, on Linux, locale en_IN)
    • Flutter version 1.20.0 at /home/bhupendra/flutterApps/flutter
    • Framework revision 916c3ac648 (3 weeks ago), 2020-08-01 09:01:12 -0700
    • Engine revision d6ee1499c2
    • Dart version 2.9.0 (build 2.9.0-21.10.beta)

[!] Android toolchain - develop for Android devices (Android SDK version 29.0.3)
    • Android SDK at /home/bhupendra/Android/Sdk
    • Platform android-30, build-tools 29.0.3
    • Java binary at: /usr/local/android-studio/jre/bin/java
    • Java version OpenJDK Runtime Environment (build 1.8.0_202-release-1483-b49-5587405)
    ! Some Android licenses not accepted.  To resolve this, run: flutter doctor --android-licenses

[✓] Chrome - develop for the web
    • Chrome at google-chrome

[✓] Android Studio (version 3.5)
    • Android Studio at /usr/local/android-studio
    • Flutter plugin version 41.1.2
    • Dart plugin version 191.8593
    • Java version OpenJDK Runtime Environment (build 1.8.0_202-release-1483-b49-5587405)

[✓] IntelliJ IDEA Community Edition (version 2019.3)
    • IntelliJ at /opt/idea-IC-193.5233.102
    • Flutter plugin version 43.0.3
    • Dart plugin version 193.5731

[✓] VS Code (version 1.47.1)
    • VS Code at /usr/share/code
    • Flutter extension version 3.8.1

[✓] Connected device (3 available)
    • Google Nexus 5, 6 0 0, API 23, 1080x1920 (mobile) • 192.168.97.101:5555 • android-x86    • Android 6.0 (API 23)
    • Web Server (web)                                  • web-server          • web-javascript • Flutter Tools
    • Chrome (web)                                      • chrome              • web-javascript • Google Chrome 84.0.4147.89

! Doctor found issues in 1 category.
```
